2021-08-01 00:29:09,040:WARNING:discord.client: PyNaCl is not installed, voice will NOT be supported
2021-08-01 00:29:09,040:DEBUG:discord.client: on_ready has successfully been registered as an event
2021-08-01 00:29:09,040:INFO:discord.client: logging in using static token
2021-08-01 00:29:09,163:DEBUG:discord.http: GET https://discord.com/api/v7/users/@me with None has returned 200
2021-08-01 00:29:09,163:DEBUG:discord.http: GET https://discord.com/api/v7/users/@me has received {'id': '871205672778334239', 'username': 'AccountaBOT', 'avatar': None, 'discriminator': '8756', 'public_flags': 0, 'flags': 0, 'bot': True, 'banner': None, 'banner_color': None, 'accent_color': None, 'bio': '', 'locale': 'en-US', 'mfa_enabled': True, 'email': None, 'verified': True}
2021-08-01 00:29:09,185:DEBUG:discord.http: GET https://discord.com/api/v7/gateway with None has returned 200
2021-08-01 00:29:09,185:DEBUG:discord.http: GET https://discord.com/api/v7/gateway has received {'url': 'wss://gateway.discord.gg'}
2021-08-01 00:29:09,290:DEBUG:discord.gateway: Created websocket connected to wss://gateway.discord.gg?encoding=json&v=6&compress=zlib-stream
2021-08-01 00:29:09,290:DEBUG:discord.client: Dispatching event socket_raw_receive
2021-08-01 00:29:09,291:DEBUG:discord.gateway: For Shard ID None: WebSocket Event: {'t': None, 's': None, 'op': 10, 'd': {'heartbeat_interval': 41250, '_trace': ['["gateway-prd-main-t6x9",{"micros":0.0}]']}}
2021-08-01 00:29:09,291:DEBUG:discord.client: Dispatching event socket_response
2021-08-01 00:29:09,291:DEBUG:discord.client: Dispatching event socket_raw_send
2021-08-01 00:29:09,292:DEBUG:discord.client: Dispatching event socket_raw_send
2021-08-01 00:29:09,292:INFO:discord.gateway: Shard ID None has sent the IDENTIFY payload.
2021-08-01 00:29:09,328:DEBUG:discord.client: Dispatching event socket_raw_receive
2021-08-01 00:29:09,328:DEBUG:discord.gateway: For Shard ID None: WebSocket Event: {'t': None, 's': None, 'op': 11, 'd': None}
2021-08-01 00:29:09,328:DEBUG:discord.client: Dispatching event socket_response
2021-08-01 00:29:09,404:DEBUG:discord.client: Dispatching event socket_raw_receive
2021-08-01 00:29:09,405:DEBUG:discord.gateway: For Shard ID None: WebSocket Event: {'t': 'READY', 's': 1, 'op': 0, 'd': {'v': 6, 'user_settings': {}, 'user': {'verified': True, 'username': 'AccountaBOT', 'mfa_enabled': True, 'id': '871205672778334239', 'flags': 0, 'email': None, 'discriminator': '8756', 'bot': True, 'avatar': None}, 'session_id': 'e2b3c0a1c3859787f84c6eddd9c8ddaa', 'relationships': [], 'private_channels': [], 'presences': [], 'guilds': [{'unavailable': True, 'id': '871206660532764692'}], 'guild_join_requests': [], 'geo_ordered_rtc_regions': ['us-east', 'us-central', 'us-south', 'us-west', 'europe'], 'application': {'id': '871205672778334239', 'flags': 303104}, '_trace': ['["gateway-prd-main-t6x9",{"micros":75408,"calls":["discord-sessions-green-prd-2-109",{"micros":74604,"calls":["start_session",{"micros":32465,"calls":["api-prd-main-72qj",{"micros":26951,"calls":["get_user",{"micros":2793},"add_authorized_ip",{"micros":1847},"get_guilds",{"micros":4426},"coros_wait",{"micros":1}]}]},"guilds_connect",{"micros":1,"calls":[]},"presence_connect",{"micros":36642,"calls":[]}]}]}]']}}
2021-08-01 00:29:09,405:DEBUG:discord.client: Dispatching event socket_response
2021-08-01 00:29:09,405:INFO:discord.gateway: Shard ID None has connected to Gateway: ["gateway-prd-main-t6x9",{"micros":75408,"calls":["discord-sessions-green-prd-2-109",{"micros":74604,"calls":["start_session",{"micros":32465,"calls":["api-prd-main-72qj",{"micros":26951,"calls":["get_user",{"micros":2793},"add_authorized_ip",{"micros":1847},"get_guilds",{"micros":4426},"coros_wait",{"micros":1}]}]},"guilds_connect",{"micros":1,"calls":[]},"presence_connect",{"micros":36642,"calls":[]}]}]}] (Session ID: e2b3c0a1c3859787f84c6eddd9c8ddaa).
2021-08-01 00:29:09,412:DEBUG:discord.client: Dispatching event connect
2021-08-01 00:29:09,413:DEBUG:discord.client: Dispatching event socket_raw_receive
2021-08-01 00:29:09,413:DEBUG:discord.gateway: For Shard ID None: WebSocket Event: {'t': 'GUILD_CREATE', 's': 2, 'op': 0, 'd': {'splash': None, 'stickers': [], 'system_channel_flags': 0, 'name': "Destroxia's server", 'description': None, 'large': False, 'discovery_splash': None, 'default_message_notifications': 0, 'application_command_count': 0, 'application_command_counts': {'3': 0, '2': 0, '1': 0}, 'afk_timeout': 300, 'public_updates_channel_id': None, 'vanity_url_code': None, 'banner': None, 'premium_subscription_count': 0, 'premium_tier': 0, 'joined_at': '2021-08-01T01:47:15.294474+00:00', 'afk_channel_id': None, 'unavailable': False, 'member_count': 2, 'voice_states': [], 'rules_channel_id': None, 'features': [], 'owner_id': '178282308015489026', 'preferred_locale': 'en-US', 'emojis': [], 'threads': [], 'channels': [{'type': 4, 'position': 0, 'permission_overwrites': [], 'name': 'Text Channels', 'id': '871206660532764694'}, {'type': 4, 'position': 0, 'permission_overwrites': [], 'name': 'Voice Channels', 'id': '871206660532764695'}, {'type': 0, 'topic': None, 'rate_limit_per_user': 0, 'position': 0, 'permission_overwrites': [], 'parent_id': '871206660532764694', 'name': 'general', 'last_message_id': '871247636596920390', 'id': '871206660532764696'}, {'user_limit': 0, 'type': 2, 'rtc_region': None, 'position': 0, 'permission_overwrites': [], 'parent_id': '871206660532764695', 'name': 'General', 'id': '871206660532764697', 'bitrate': 64000}, {'type': 0, 'topic': None, 'rate_limit_per_user': 0, 'position': 1, 'permission_overwrites': [], 'parent_id': '871206660532764694', 'nsfw': False, 'name': 'accountability', 'last_message_id': '871248046439141377', 'id': '871231603190431814'}], 'members': [{'user': {'username': 'Destroxia', 'id': '178282308015489026', 'discriminator': '9848', 'avatar': 'd06c71626e7d461c82105bf33c1b659e'}, 'roles': [], 'mute': False, 'joined_at': '2021-08-01T01:44:14.112000+00:00', 'hoisted_role': None, 'deaf': False}, {'user': {'username': 'AccountaBOT', 'id': '871205672778334239', 'discriminator': '8756', 'bot': True, 'avatar': None}, 'roles': ['871207420226072628'], 'premium_since': None, 'pending': False, 'nick': None, 'mute': False, 'joined_at': '2021-08-01T01:47:15.294474+00:00', 'is_pending': False, 'hoisted_role': None, 'deaf': False, 'avatar': None}], 'region': 'us-east', 'icon': None, 'max_members': 100000, 'id': '871206660532764692', 'roles': [{'position': 0, 'permissions_new': '247064940097', 'permissions': 104320577, 'name': '@everyone', 'mentionable': False, 'managed': False, 'id': '871206660532764692', 'hoist': False, 'color': 0}, {'tags': {'bot_id': '871205672778334239'}, 'position': 1, 'permissions_new': '8', 'permissions': 8, 'name': 'AccountaBOT', 'mentionable': False, 'managed': True, 'id': '871207420226072628', 'hoist': False, 'color': 0}], 'nsfw_level': 0, 'presences': [{'user': {'id': '178282308015489026'}, 'status': 'online', 'game': None, 'client_status': {'desktop': 'online'}, 'activities': []}, {'user': {'id': '871205672778334239'}, 'status': 'online', 'game': None, 'client_status': {'web': 'online'}, 'activities': []}], 'guild_hashes': {'version': 1, 'roles': {'omitted': False, 'hash': 'dZhZvss4t0E'}, 'metadata': {'omitted': False, 'hash': 'boF2Yh58Qco'}, 'channels': {'omitted': False, 'hash': 'IQGo4xdP03U'}}, 'explicit_content_filter': 0, 'nsfw': False, 'system_channel_id': '871206660532764696', 'max_video_channel_users': 25, 'verification_level': 0, 'mfa_level': 0, 'application_id': None, 'lazy': True, 'stage_instances': []}}
2021-08-01 00:29:09,413:DEBUG:discord.client: Dispatching event socket_response
2021-08-01 00:29:09,413:DEBUG:discord.client: Dispatching event guild_available
2021-08-01 00:29:11,428:DEBUG:discord.client: Dispatching event ready
2021-08-01 00:29:15,764:DEBUG:discord.client: Dispatching event socket_raw_receive
2021-08-01 00:29:15,764:DEBUG:discord.gateway: For Shard ID None: WebSocket Event: {'t': 'MESSAGE_CREATE', 's': 3, 'op': 0, 'd': {'type': 0, 'tts': False, 'timestamp': '2021-08-01T04:29:15.887000+00:00', 'referenced_message': None, 'pinned': False, 'nonce': '871248190739841024', 'mentions': [], 'mention_roles': [], 'mention_everyone': False, 'member': {'roles': [], 'mute': False, 'joined_at': '2021-08-01T01:44:14.112000+00:00', 'hoisted_role': None, 'deaf': False}, 'id': '871248191604006942', 'flags': 0, 'embeds': [], 'edited_timestamp': None, 'content': '!check_ctx', 'components': [], 'channel_id': '871231603190431814', 'author': {'username': 'Destroxia', 'public_flags': 0, 'id': '178282308015489026', 'discriminator': '9848', 'avatar': 'd06c71626e7d461c82105bf33c1b659e'}, 'attachments': [], 'guild_id': '871206660532764692'}}
2021-08-01 00:29:15,765:DEBUG:discord.client: Dispatching event socket_response
2021-08-01 00:29:15,765:DEBUG:discord.client: Dispatching event message
2021-08-01 00:29:15,765:DEBUG:discord.client: Dispatching event command
2021-08-01 00:29:15,853:DEBUG:discord.client: Dispatching event socket_raw_receive
2021-08-01 00:29:15,853:DEBUG:discord.gateway: For Shard ID None: WebSocket Event: {'t': 'MESSAGE_CREATE', 's': 4, 'op': 0, 'd': {'type': 0, 'tts': False, 'timestamp': '2021-08-01T04:29:15.907000+00:00', 'referenced_message': None, 'pinned': False, 'mentions': [], 'mention_roles': [], 'mention_everyone': False, 'member': {'roles': ['871207420226072628'], 'premium_since': None, 'pending': False, 'nick': None, 'mute': False, 'joined_at': '2021-08-01T01:47:15.294474+00:00', 'is_pending': False, 'hoisted_role': None, 'deaf': False, 'avatar': None}, 'id': '871248191687893053', 'flags': 0, 'embeds': [], 'edited_timestamp': None, 'content': "you're in the correct channel :)!", 'components': [], 'channel_id': '871231603190431814', 'author': {'username': 'AccountaBOT', 'public_flags': 0, 'id': '871205672778334239', 'discriminator': '8756', 'bot': True, 'avatar': None}, 'attachments': [], 'guild_id': '871206660532764692'}}
2021-08-01 00:29:15,853:DEBUG:discord.client: Dispatching event socket_response
2021-08-01 00:29:15,853:DEBUG:discord.client: Dispatching event message
2021-08-01 00:29:15,872:DEBUG:discord.http: POST https://discord.com/api/v7/channels/871231603190431814/messages with {"content":"you're in the correct channel :)!"} has returned 200
2021-08-01 00:29:15,872:DEBUG:discord.http: POST https://discord.com/api/v7/channels/871231603190431814/messages has received {'id': '871248191687893053', 'type': 0, 'content': "you're in the correct channel :)!", 'channel_id': '871231603190431814', 'author': {'id': '871205672778334239', 'username': 'AccountaBOT', 'avatar': None, 'discriminator': '8756', 'public_flags': 0, 'bot': True}, 'attachments': [], 'embeds': [], 'mentions': [], 'mention_roles': [], 'pinned': False, 'mention_everyone': False, 'tts': False, 'timestamp': '2021-08-01T04:29:15.907000+00:00', 'edited_timestamp': None, 'flags': 0, 'components': [], 'referenced_message': None}
2021-08-01 00:29:15,872:DEBUG:discord.client: Dispatching event command_completion
2021-08-01 00:29:18,816:DEBUG:discord.client: Dispatching event socket_raw_receive
2021-08-01 00:29:18,816:DEBUG:discord.gateway: For Shard ID None: WebSocket Event: {'t': 'MESSAGE_CREATE', 's': 5, 'op': 0, 'd': {'type': 0, 'tts': False, 'timestamp': '2021-08-01T04:29:18.874000+00:00', 'referenced_message': None, 'pinned': False, 'nonce': '871248203536662528', 'mentions': [], 'mention_roles': [], 'mention_everyone': False, 'member': {'roles': [], 'mute': False, 'joined_at': '2021-08-01T01:44:14.112000+00:00', 'hoisted_role': None, 'deaf': False}, 'id': '871248204132409365', 'flags': 0, 'embeds': [], 'edited_timestamp': None, 'content': '!check_ctx', 'components': [], 'channel_id': '871206660532764696', 'author': {'username': 'Destroxia', 'public_flags': 0, 'id': '178282308015489026', 'discriminator': '9848', 'avatar': 'd06c71626e7d461c82105bf33c1b659e'}, 'attachments': [], 'guild_id': '871206660532764692'}}
2021-08-01 00:29:18,816:DEBUG:discord.client: Dispatching event socket_response
2021-08-01 00:29:18,816:DEBUG:discord.client: Dispatching event message
2021-08-01 00:29:18,816:DEBUG:discord.client: Dispatching event command
2021-08-01 00:29:18,816:DEBUG:discord.client: Dispatching event command_completion
